2023-12-31 14:22:41,232 - INFO - (PROXY) latest bond yield for 23857: 2023-12-29
2023-12-31 14:22:41,234 - INFO - Latest date was 2023-12-29
2023-12-31 14:22:41,236 - INFO - (PROXY) Getting data from 2023-12-30 to 2023-12-31
2023-12-31 14:22:41,417 - INFO - (PROXY) latest bond yield for 23857: 2023-12-29
2023-12-31 14:22:41,420 - INFO - Latest date was 2023-12-29
2023-12-31 14:22:41,421 - INFO - (PROXY) Getting data from 2023-12-30 to 2023-12-31
2023-12-31 14:37:27,758 - INFO - (PROXY) latest bond yield for 23857: 2023-12-29
2023-12-31 14:37:27,761 - INFO - Latest date was 2023-12-29
2023-12-31 14:37:27,763 - INFO - (PROXY) Getting data from 2023-12-30 to 2023-12-31
2023-12-31 14:37:28,082 - INFO - (PROXY) latest bond yield for 23857: 2023-12-29
2023-12-31 14:37:28,094 - INFO - Latest date was 2023-12-29
2023-12-31 14:37:28,096 - INFO - (PROXY) Getting data from 2023-12-30 to 2023-12-31
2023-12-31 14:37:30,207 - INFO - COMPLETE FILE EMPTY
2023-12-31 15:37:42,719 - INFO - (PROXY) latest bond yield for 23857: 2023-12-29
2023-12-31 15:37:42,722 - INFO - Latest date was 2023-12-29
2023-12-31 15:37:42,725 - INFO - (PROXY) Getting data from 2023-12-30 to 2023-12-31
2023-12-31 15:45:41,663 - INFO - (PROXY) latest bond yield for 23857: 2023-12-29
2023-12-31 15:45:41,664 - INFO - Latest date was 2023-12-29
2023-12-31 15:45:41,665 - INFO - (PROXY) Getting data from 2023-12-30 to 2023-12-31
2023-12-31 15:46:41,762 - INFO - COMPLETE FILE NOT FOUND
2023-12-31 15:53:15,969 - INFO - (PROXY) latest bond yield for 23857: 2023-12-29
2023-12-31 15:53:15,970 - INFO - Latest date was 2023-12-29
2023-12-31 15:53:15,971 - INFO - (PROXY) Getting data from 2023-12-30 to 2023-12-31
2023-12-31 15:54:14,803 - INFO - COMPLETE FILE NOT FOUND
