2023-12-31 14:22:28,161 - INFO - (PROXY) latest bond yield for 23873: 2023-12-29
2023-12-31 14:22:28,164 - INFO - Latest date was 2023-12-29
2023-12-31 14:22:28,166 - INFO - (PROXY) Getting data from 2023-12-30 to 2023-12-31
2023-12-31 14:22:28,551 - INFO - (PROXY) latest bond yield for 23873: 2023-12-29
2023-12-31 14:22:28,553 - INFO - Latest date was 2023-12-29
2023-12-31 14:22:28,555 - INFO - (PROXY) Getting data from 2023-12-30 to 2023-12-31
2023-12-31 14:22:30,779 - INFO - COMPLETE FILE EMPTY
2023-12-31 14:27:20,721 - INFO - (PROXY) latest bond yield for 23873: 2023-12-29
2023-12-31 14:27:20,724 - INFO - Latest date was 2023-12-29
2023-12-31 14:27:20,726 - INFO - (PROXY) Getting data from 2023-12-30 to 2023-12-31
2023-12-31 14:27:21,034 - INFO - (PROXY) latest bond yield for 23873: 2023-12-29
2023-12-31 14:27:21,046 - INFO - Latest date was 2023-12-29
2023-12-31 14:27:21,048 - INFO - (PROXY) Getting data from 2023-12-30 to 2023-12-31
2023-12-31 14:27:23,097 - INFO - COMPLETE FILE EMPTY
2023-12-31 14:37:14,336 - INFO - (PROXY) latest bond yield for 23873: 2023-12-29
2023-12-31 14:37:14,338 - INFO - Latest date was 2023-12-29
2023-12-31 14:37:14,340 - INFO - (PROXY) Getting data from 2023-12-30 to 2023-12-31
2023-12-31 14:37:14,687 - INFO - (PROXY) latest bond yield for 23873: 2023-12-29
2023-12-31 14:37:14,689 - INFO - Latest date was 2023-12-29
2023-12-31 14:37:14,691 - INFO - (PROXY) Getting data from 2023-12-30 to 2023-12-31
2023-12-31 14:37:15,368 - INFO - COMPLETE FILE EMPTY
2023-12-31 15:36:12,917 - INFO - (PROXY) latest bond yield for 23873: 2023-12-29
2023-12-31 15:36:12,919 - INFO - Latest date was 2023-12-29
2023-12-31 15:36:12,920 - INFO - (PROXY) Getting data from 2023-12-30 to 2023-12-31
2023-12-31 15:37:12,656 - INFO - COMPLETE FILE NOT FOUND
2023-12-31 15:44:16,774 - INFO - (PROXY) latest bond yield for 23873: 2023-12-29
2023-12-31 15:44:16,776 - INFO - Latest date was 2023-12-29
2023-12-31 15:44:16,777 - INFO - (PROXY) Getting data from 2023-12-30 to 2023-12-31
2023-12-31 15:45:16,990 - INFO - COMPLETE FILE NOT FOUND
