2023-12-31 14:22:27,287 - INFO - (PROXY) latest bond yield for 23870: 2023-12-29
2023-12-31 14:22:27,291 - INFO - Latest date was 2023-12-29
2023-12-31 14:22:27,293 - INFO - (PROXY) Getting data from 2023-12-30 to 2023-12-31
2023-12-31 14:22:27,709 - INFO - (PROXY) latest bond yield for 23870: 2023-12-29
2023-12-31 14:22:27,712 - INFO - Latest date was 2023-12-29
2023-12-31 14:22:27,714 - INFO - (PROXY) Getting data from 2023-12-30 to 2023-12-31
2023-12-31 14:22:28,573 - INFO - COMPLETE FILE EMPTY
2023-12-31 14:27:21,262 - INFO - (PROXY) latest bond yield for 23870: 2023-12-29
2023-12-31 14:27:21,264 - INFO - Latest date was 2023-12-29
2023-12-31 14:27:21,266 - INFO - (PROXY) Getting data from 2023-12-30 to 2023-12-31
2023-12-31 14:27:21,796 - INFO - (PROXY) latest bond yield for 23870: 2023-12-29
2023-12-31 14:27:21,799 - INFO - Latest date was 2023-12-29
2023-12-31 14:27:21,802 - INFO - (PROXY) Getting data from 2023-12-30 to 2023-12-31
2023-12-31 14:27:22,935 - INFO - COMPLETE FILE EMPTY
2023-12-31 14:37:15,078 - INFO - (PROXY) latest bond yield for 23870: 2023-12-29
2023-12-31 14:37:15,081 - INFO - Latest date was 2023-12-29
2023-12-31 14:37:15,083 - INFO - (PROXY) Getting data from 2023-12-30 to 2023-12-31
2023-12-31 14:37:15,406 - INFO - (PROXY) latest bond yield for 23870: 2023-12-29
2023-12-31 14:37:15,408 - INFO - Latest date was 2023-12-29
2023-12-31 14:37:15,411 - INFO - (PROXY) Getting data from 2023-12-30 to 2023-12-31
2023-12-31 14:37:17,371 - INFO - COMPLETE FILE EMPTY
2023-12-31 15:36:17,505 - INFO - (PROXY) latest bond yield for 23870: 2023-12-29
2023-12-31 15:36:17,507 - INFO - Latest date was 2023-12-29
2023-12-31 15:36:17,510 - INFO - (PROXY) Getting data from 2023-12-30 to 2023-12-31
2023-12-31 15:37:14,090 - INFO - COMPLETE FILE NOT FOUND
2023-12-31 15:44:20,927 - INFO - (PROXY) latest bond yield for 23870: 2023-12-29
2023-12-31 15:44:20,929 - INFO - Latest date was 2023-12-29
2023-12-31 15:44:20,930 - INFO - (PROXY) Getting data from 2023-12-30 to 2023-12-31
2023-12-31 15:45:19,422 - INFO - COMPLETE FILE NOT FOUND
2023-12-31 15:51:52,345 - INFO - (PROXY) latest bond yield for 23870: 2023-12-29
2023-12-31 15:51:52,347 - INFO - Latest date was 2023-12-29
2023-12-31 15:51:52,348 - INFO - (PROXY) Getting data from 2023-12-30 to 2023-12-31
2023-12-31 15:52:51,596 - INFO - COMPLETE FILE NOT FOUND
