Notice: Trust flag u is set automatically if the private key is present.
Notice: Trust flag u is set automatically if the private key is present.
/root/.mitmproxy/mitmproxy-ca-cert.pem
Traceback (most recent call last):
  File "/home/app/bonds_sync_realtime.py", line 87, in <module>
    main()
  File "/home/app/bonds_sync_realtime.py", line 79, in main
    new_data = bond_sync_controller.get_new_data(retries=3)
               ^^^^^^^^^^^^^^^^^^^^^^^^^^^^^^^^^^^^^^^^^^^^
  File "/home/app/bonds_sync_daily.py", line 114, in get_new_data
    with webdriver.Firefox(options=self.options) as driver:
         ^^^^^^^^^^^^^^^^^^^^^^^^^^^^^^^^^^^^^^^
  File "/opt/conda/envs/bonds/lib/python3.12/site-packages/selenium/webdriver/firefox/webdriver.py", line 69, in __init__
    super().__init__(command_executor=executor, options=options)
  File "/opt/conda/envs/bonds/lib/python3.12/site-packages/selenium/webdriver/remote/webdriver.py", line 209, in __init__
    self.start_session(capabilities)
  File "/opt/conda/envs/bonds/lib/python3.12/site-packages/selenium/webdriver/remote/webdriver.py", line 293, in start_session
    response = self.execute(Command.NEW_SESSION, caps)["value"]
               ^^^^^^^^^^^^^^^^^^^^^^^^^^^^^^^^^^^^^^^
  File "/opt/conda/envs/bonds/lib/python3.12/site-packages/selenium/webdriver/remote/webdriver.py", line 348, in execute
    self.error_handler.check_response(response)
  File "/opt/conda/envs/bonds/lib/python3.12/site-packages/selenium/webdriver/remote/errorhandler.py", line 229, in check_response
    raise exception_class(message, screen, stacktrace)
selenium.common.exceptions.SessionNotCreatedException: Message: Error: NS_ERROR_UNKNOWN_HOST
Stacktrace:
#checkLoadingState@chrome://remote/content/shared/Navigate.sys.mjs:244:28
onStateChange@chrome://remote/content/shared/Navigate.sys.mjs:293:28

Notice: Trust flag u is set automatically if the private key is present.
/root/.mitmproxy/mitmproxy-ca-cert.pem
Notice: Trust flag u is set automatically if the private key is present.
/root/.mitmproxy/mitmproxy-ca-cert.pem
Notice: Trust flag u is set automatically if the private key is present.
/root/.mitmproxy/mitmproxy-ca-cert.pem
Notice: Trust flag u is set automatically if the private key is present.
/root/.mitmproxy/mitmproxy-ca-cert.pem
Notice: Trust flag u is set automatically if the private key is present.
/root/.mitmproxy/mitmproxy-ca-cert.pem
Notice: Trust flag u is set automatically if the private key is present.
/root/.mitmproxy/mitmproxy-ca-cert.pem
Notice: Trust flag u is set automatically if the private key is present.
/root/.mitmproxy/mitmproxy-ca-cert.pem
Notice: Trust flag u is set automatically if the private key is present.
/root/.mitmproxy/mitmproxy-ca-cert.pem
Notice: Trust flag u is set automatically if the private key is present.
/root/.mitmproxy/mitmproxy-ca-cert.pem
Notice: Trust flag u is set automatically if the private key is present.
/root/.mitmproxy/mitmproxy-ca-cert.pem
Notice: Trust flag u is set automatically if the private key is present.
/root/.mitmproxy/mitmproxy-ca-cert.pem
Notice: Trust flag u is set automatically if the private key is present.
/root/.mitmproxy/mitmproxy-ca-cert.pem
Notice: Trust flag u is set automatically if the private key is present.
/root/.mitmproxy/mitmproxy-ca-cert.pem
Notice: Trust flag u is set automatically if the private key is present.
/root/.mitmproxy/mitmproxy-ca-cert.pem
Notice: Trust flag u is set automatically if the private key is present.
/root/.mitmproxy/mitmproxy-ca-cert.pem
Notice: Trust flag u is set automatically if the private key is present.
/root/.mitmproxy/mitmproxy-ca-cert.pem
Notice: Trust flag u is set automatically if the private key is present.
/root/.mitmproxy/mitmproxy-ca-cert.pem
Notice: Trust flag u is set automatically if the private key is present.
/root/.mitmproxy/mitmproxy-ca-cert.pem
