Permanent profile created at: /home/app/my_firefox_profiles/selenium_profile
CERT ADDED
['australia', 'austria', 'bahrain', 'bangladesh', 'belgium', 'brazil', 'bulgaria', 'canada', 'chile', 'china', 'colombia', 'croatia', 'czech-republic', 'denmark', 'egypt', 'finland', 'france', 'germany', 'greece', 'hong-kong', 'iceland', 'india', 'ireland', 'israel', 'italy', 'japan', 'kazakhstan', 'kenya', 'latvia', 'mauritius', 'morocco', 'netherlands', 'new-zealand', 'nigeria', 'peru', 'philippines', 'poland', 'portugal', 'qatar', 'romania', 'russia', 'serbia', 'singapore', 'slovakia', 'south-korea', 'spain', 'sri-lanka', 'sweden', 'switzerland', 'taiwan', 'thailand', 'turkey', 'uganda', 'u.k.', 'u.s.', 'vietnam', 'zambia']
Getting data for australia 2Y as no latest date
Getting data for australia 5Y as no latest date
Getting data for austria 2Y as no latest date
Getting data for austria 5Y as no latest date
Getting data for bahrain 2Y as no latest date
Getting data for bahrain 5Y as no latest date
Getting data for bangladesh 2Y as no latest date
Getting data for bangladesh 5Y as no latest date
Getting data for belgium 2Y as no latest date
Getting data for belgium 5Y as no latest date
Getting data for brazil 2Y as no latest date
Getting data for brazil 5Y as no latest date
Getting data for bulgaria 2Y as no latest date
Getting data for bulgaria 5Y as no latest date
Getting data for canada 2Y as no latest date
Getting data for canada 5Y as no latest date
Getting data for chile 2Y as no latest date
Getting data for chile 5Y as no latest date
Getting data for china 2Y as no latest date
Getting data for china 5Y as no latest date
Getting data for colombia 2Y as no latest date
Getting data for colombia 5Y as no latest date
Getting data for croatia 2Y as no latest date
Getting data for croatia 5Y as no latest date
Getting data for czech-republic 2Y as no latest date
Getting data for czech-republic 5Y as no latest date
Getting data for denmark 2Y as no latest date
Getting data for denmark 5Y as no latest date
Getting data for egypt 2Y as no latest date
Getting data for egypt 5Y as no latest date
Getting data for finland 2Y as no latest date
Getting data for finland 5Y as no latest date
Getting data for france 2Y as no latest date
Getting data for france 5Y as no latest date
Getting data for germany 2Y as no latest date
Getting data for germany 5Y as no latest date
Getting data for greece 2Y as no latest date
Getting data for greece 5Y as no latest date
Getting data for hong-kong 2Y as no latest date
Getting data for hong-kong 5Y as no latest date
Getting data for iceland 2Y as no latest date
Getting data for iceland 5Y as no latest date
Getting data for india 2Y as no latest date
Getting data for india 5Y as no latest date
Getting data for ireland 2Y as no latest date
Getting data for ireland 5Y as no latest date
Getting data for israel 2Y as no latest date
Getting data for israel 5Y as no latest date
Getting data for italy 2Y as no latest date
Getting data for italy 5Y as no latest date
Getting data for japan 2Y as no latest date
Getting data for japan 5Y as no latest date
Getting data for kazakhstan 2Y as no latest date
Getting data for kazakhstan 5Y as no latest date
Getting data for kenya 2Y as no latest date
Getting data for kenya 5Y as no latest date
Getting data for latvia 2Y as no latest date
Getting data for latvia 5Y as no latest date
Getting data for mauritius 2Y as no latest date
Getting data for mauritius 5Y as no latest date
Getting data for morocco 2Y as no latest date
Getting data for morocco 5Y as no latest date
Getting data for netherlands 2Y as no latest date
Getting data for netherlands 5Y as no latest date
Getting data for new-zealand 2Y as no latest date
Getting data for new-zealand 5Y as no latest date
Getting data for nigeria 2Y as no latest date
Getting data for nigeria 5Y as no latest date
Getting data for peru 2Y as no latest date
Getting data for peru 5Y as no latest date
Getting data for philippines 2Y as no latest date
Getting data for philippines 5Y as no latest date
Getting data for poland 2Y as no latest date
Getting data for poland 5Y as no latest date
Getting data for portugal 2Y as no latest date
Getting data for portugal 5Y as no latest date
Getting data for qatar 2Y as no latest date
Getting data for qatar 5Y as no latest date
Getting data for romania 2Y as no latest date
Getting data for romania 5Y as no latest date
Getting data for russia 2Y as no latest date
Getting data for russia 5Y as no latest date
Getting data for serbia 2Y as no latest date
Getting data for serbia 5Y as no latest date
Getting data for singapore 2Y as no latest date
Getting data for singapore 5Y as no latest date
Getting data for slovakia 2Y as no latest date
Getting data for slovakia 5Y as no latest date
Getting data for south-korea 2Y as no latest date
Getting data for south-korea 5Y as no latest date
Getting data for spain 2Y as no latest date
Getting data for spain 5Y as no latest date
Getting data for sri-lanka 2Y as no latest date
Getting data for sri-lanka 5Y as no latest date
Getting data for sweden 2Y as no latest date
Getting data for sweden 5Y as no latest date
Getting data for switzerland 2Y as no latest date
Getting data for switzerland 5Y as no latest date
Getting data for taiwan 2Y as no latest date
Getting data for taiwan 5Y as no latest date
Getting data for thailand 2Y as no latest date
Getting data for thailand 5Y as no latest date
Getting data for turkey 2Y as no latest date
Getting data for turkey 5Y as no latest date
Getting data for uganda 2Y as no latest date
Getting data for uganda 5Y as no latest date
Getting data for u.k. 2Y as no latest date
Getting data for u.k. 5Y as no latest date
Getting data for u.s. 2Y as no latest date
Getting data for u.s. 5Y as no latest date
Getting data for vietnam 2Y as no latest date
Getting data for vietnam 5Y as no latest date
Getting data for zambia 2Y as no latest date
Getting data for zambia 5Y as no latest date
getting urls
['https://www.investing.com/rates-bonds/australia-5-year-bond-yield-historical-data', 'https://www.investing.com/rates-bonds/australia-5-year-historical-data', 'https://www.investing.com/rates-bonds/australia-5-year-bond-yield', 'https://www.investing.com/rates-bonds/australia-5-years-bond-yield', 'https://www.investing.com/rates-bonds/australia-5-year']
https://www.investing.com/rates-bonds/australia-5-year-bond-yield-historical-data
getting urls
['https://www.investing.com/rates-bonds/austria-2-year-bond-yield-historical-data', 'https://www.investing.com/rates-bonds/austria-2-year-historical-data', 'https://www.investing.com/rates-bonds/austria-2-year-bond-yield', 'https://www.investing.com/rates-bonds/austria-2-years-bond-yield', 'https://www.investing.com/rates-bonds/austria-2-year']
https://www.investing.com/rates-bonds/austria-2-year-bond-yield-historical-data
getting urls
['https://www.investing.com/rates-bonds/bahrain-2-year-bond-yield-historical-data', 'https://www.investing.com/rates-bonds/bahrain-2-year-historical-data', 'https://www.investing.com/rates-bonds/bahrain-2-year-bond-yield', 'https://www.investing.com/rates-bonds/bahrain-2-years-bond-yield', 'https://www.investing.com/rates-bonds/bahrain-2-year']
https://www.investing.com/rates-bonds/bahrain-2-year-bond-yield-historical-data
getting urls
['https://www.investing.com/rates-bonds/austria-5-year-bond-yield-historical-data', 'https://www.investing.com/rates-bonds/austria-5-year-historical-data', 'https://www.investing.com/rates-bonds/austria-5-year-bond-yield', 'https://www.investing.com/rates-bonds/austria-5-years-bond-yield', 'https://www.investing.com/rates-bonds/austria-5-year']
https://www.investing.com/rates-bonds/austria-5-year-bond-yield-historical-data
getting urls
['https://www.investing.com/rates-bonds/australia-2-year-bond-yield-historical-data', 'https://www.investing.com/rates-bonds/australia-2-year-historical-data', 'https://www.investing.com/rates-bonds/australia-2-year-bond-yield', 'https://www.investing.com/rates-bonds/australia-2-years-bond-yield', 'https://www.investing.com/rates-bonds/australia-2-year']
https://www.investing.com/rates-bonds/australia-2-year-bond-yield-historical-data
TImeout, continuing to extract element
TImeout, continuing to extract element
TImeout, continuing to extract element
instrument id: 23873
instrument id: 23854
TImeout, continuing to extract element
TImeout, continuing to extract element
instrument id: 23857
instrument id: 23870
NO ID, RETRYING
instrument id: None
FileNotFoundError caught. Attempting to modify URL and retry.
https://www.investing.com/rates-bonds/bahrain-2-year-historical-data
TImeout, continuing to extract element
instrument id: 1052505
getting urls
['https://www.investing.com/rates-bonds/bahrain-5-year-bond-yield-historical-data', 'https://www.investing.com/rates-bonds/bahrain-5-year-historical-data', 'https://www.investing.com/rates-bonds/bahrain-5-year-bond-yield', 'https://www.investing.com/rates-bonds/bahrain-5-years-bond-yield', 'https://www.investing.com/rates-bonds/bahrain-5-year']
https://www.investing.com/rates-bonds/bahrain-5-year-bond-yield-historical-data
TImeout, continuing to extract element
NO ID, RETRYING
instrument id: None
FileNotFoundError caught. Attempting to modify URL and retry.
https://www.investing.com/rates-bonds/bahrain-5-year-historical-data
TImeout, continuing to extract element
instrument id: 1052507
getting urls
['https://www.investing.com/rates-bonds/bangladesh-2-year-bond-yield-historical-data', 'https://www.investing.com/rates-bonds/bangladesh-2-year-historical-data', 'https://www.investing.com/rates-bonds/bangladesh-2-year-bond-yield', 'https://www.investing.com/rates-bonds/bangladesh-2-years-bond-yield', 'https://www.investing.com/rates-bonds/bangladesh-2-year']
https://www.investing.com/rates-bonds/bangladesh-2-year-bond-yield-historical-data
TImeout, continuing to extract element
getting urls
['https://www.investing.com/rates-bonds/bangladesh-5-year-bond-yield-historical-data', 'https://www.investing.com/rates-bonds/bangladesh-5-year-historical-data', 'https://www.investing.com/rates-bonds/bangladesh-5-year-bond-yield', 'https://www.investing.com/rates-bonds/bangladesh-5-years-bond-yield', 'https://www.investing.com/rates-bonds/bangladesh-5-year']
https://www.investing.com/rates-bonds/bangladesh-5-year-bond-yield-historical-data
getting urls
['https://www.investing.com/rates-bonds/belguim-2-year-bond-yield-historical-data', 'https://www.investing.com/rates-bonds/belguim-2-year-historical-data', 'https://www.investing.com/rates-bonds/belguim-2-year-bond-yield', 'https://www.investing.com/rates-bonds/belguim-2-years-bond-yield', 'https://www.investing.com/rates-bonds/belguim-2-year']
https://www.investing.com/rates-bonds/belguim-2-year-bond-yield-historical-data
NO ID, RETRYING
instrument id: None
FileNotFoundError caught. Attempting to modify URL and retry.
https://www.investing.com/rates-bonds/bangladesh-2-year-historical-data
TImeout, continuing to extract element
TImeout, continuing to extract element
instrument id: 23818
getting urls
['https://www.investing.com/rates-bonds/belguim-5-year-bond-yield-historical-data', 'https://www.investing.com/rates-bonds/belguim-5-year-historical-data', 'https://www.investing.com/rates-bonds/belguim-5-year-bond-yield', 'https://www.investing.com/rates-bonds/belguim-5-years-bond-yield', 'https://www.investing.com/rates-bonds/belguim-5-year']
https://www.investing.com/rates-bonds/belguim-5-year-bond-yield-historical-data
getting urls
['https://www.investing.com/rates-bonds/brazil-2-year-bond-yield-historical-data', 'https://www.investing.com/rates-bonds/brazil-2-year-historical-data', 'https://www.investing.com/rates-bonds/brazil-2-year-bond-yield', 'https://www.investing.com/rates-bonds/brazil-2-years-bond-yield', 'https://www.investing.com/rates-bonds/brazil-2-year']
https://www.investing.com/rates-bonds/brazil-2-year-bond-yield-historical-data
TImeout, continuing to extract element
instrument id: 1052589
TImeout, continuing to extract element
TImeout, continuing to extract element
NO ID, RETRYING
instrument id: None
FileNotFoundError caught. Attempting to modify URL and retry.
https://www.investing.com/rates-bonds/bangladesh-5-year-historical-data
instrument id: 23821
instrument id: 24025
TImeout, continuing to extract element
instrument id: 1052591
getting urls
['https://www.investing.com/rates-bonds/brazil-5-year-bond-yield-historical-data', 'https://www.investing.com/rates-bonds/brazil-5-year-historical-data', 'https://www.investing.com/rates-bonds/brazil-5-year-bond-yield', 'https://www.investing.com/rates-bonds/brazil-5-years-bond-yield', 'https://www.investing.com/rates-bonds/brazil-5-year']
https://www.investing.com/rates-bonds/brazil-5-year-bond-yield-historical-data
TImeout, continuing to extract element
instrument id: 24027
getting urls
['https://www.investing.com/rates-bonds/bulgaria-2-year-bond-yield-historical-data', 'https://www.investing.com/rates-bonds/bulgaria-2-year-historical-data', 'https://www.investing.com/rates-bonds/bulgaria-2-year-bond-yield', 'https://www.investing.com/rates-bonds/bulgaria-2-years-bond-yield', 'https://www.investing.com/rates-bonds/bulgaria-2-year']
https://www.investing.com/rates-bonds/bulgaria-2-year-bond-yield-historical-data
getting urls
['https://www.investing.com/rates-bonds/bulgaria-5-year-bond-yield-historical-data', 'https://www.investing.com/rates-bonds/bulgaria-5-year-historical-data', 'https://www.investing.com/rates-bonds/bulgaria-5-year-bond-yield', 'https://www.investing.com/rates-bonds/bulgaria-5-years-bond-yield', 'https://www.investing.com/rates-bonds/bulgaria-5-year']
https://www.investing.com/rates-bonds/bulgaria-5-year-bond-yield-historical-data
TImeout, continuing to extract element
TImeout, continuing to extract element
instrument id: 1173525
instrument id: 23994
getting urls
['https://www.investing.com/rates-bonds/canada-2-year-bond-yield-historical-data', 'https://www.investing.com/rates-bonds/canada-2-year-historical-data', 'https://www.investing.com/rates-bonds/canada-2-year-bond-yield', 'https://www.investing.com/rates-bonds/canada-2-years-bond-yield', 'https://www.investing.com/rates-bonds/canada-2-year']
https://www.investing.com/rates-bonds/canada-2-year-bond-yield-historical-data
getting urls
['https://www.investing.com/rates-bonds/canada-5-year-bond-yield-historical-data', 'https://www.investing.com/rates-bonds/canada-5-year-historical-data', 'https://www.investing.com/rates-bonds/canada-5-year-bond-yield', 'https://www.investing.com/rates-bonds/canada-5-years-bond-yield', 'https://www.investing.com/rates-bonds/canada-5-year']
https://www.investing.com/rates-bonds/canada-5-year-bond-yield-historical-data
TImeout, continuing to extract element
TImeout, continuing to extract element
instrument id: 25270
getting urls
['https://www.investing.com/rates-bonds/chile-2-year-bond-yield-historical-data', 'https://www.investing.com/rates-bonds/chile-2-year-historical-data', 'https://www.investing.com/rates-bonds/chile-2-year-bond-yield', 'https://www.investing.com/rates-bonds/chile-2-years-bond-yield', 'https://www.investing.com/rates-bonds/chile-2-year']
https://www.investing.com/rates-bonds/chile-2-year-bond-yield-historical-data
instrument id: 25273
TImeout, continuing to extract element
getting urls
['https://www.investing.com/rates-bonds/chile-5-year-bond-yield-historical-data', 'https://www.investing.com/rates-bonds/chile-5-year-historical-data', 'https://www.investing.com/rates-bonds/chile-5-year-bond-yield', 'https://www.investing.com/rates-bonds/chile-5-years-bond-yield', 'https://www.investing.com/rates-bonds/chile-5-year']
https://www.investing.com/rates-bonds/chile-5-year-bond-yield-historical-data
instrument id: 29219
TImeout, continuing to extract element
instrument id: 29222
getting urls
['https://www.investing.com/rates-bonds/china-2-year-bond-yield-historical-data', 'https://www.investing.com/rates-bonds/china-2-year-historical-data', 'https://www.investing.com/rates-bonds/china-2-year-bond-yield', 'https://www.investing.com/rates-bonds/china-2-years-bond-yield', 'https://www.investing.com/rates-bonds/china-2-year']
https://www.investing.com/rates-bonds/china-2-year-bond-yield-historical-data
TImeout, continuing to extract element
instrument id: 29232
getting urls
['https://www.investing.com/rates-bonds/china-5-year-bond-yield-historical-data', 'https://www.investing.com/rates-bonds/china-5-year-historical-data', 'https://www.investing.com/rates-bonds/china-5-year-bond-yield', 'https://www.investing.com/rates-bonds/china-5-years-bond-yield', 'https://www.investing.com/rates-bonds/china-5-year']
https://www.investing.com/rates-bonds/china-5-year-bond-yield-historical-data
TImeout, continuing to extract element
instrument id: 29234
getting urls
['https://www.investing.com/rates-bonds/croatia-2-year-bond-yield-historical-data', 'https://www.investing.com/rates-bonds/croatia-2-year-historical-data', 'https://www.investing.com/rates-bonds/croatia-2-year-bond-yield', 'https://www.investing.com/rates-bonds/croatia-2-years-bond-yield', 'https://www.investing.com/rates-bonds/croatia-2-year']
https://www.investing.com/rates-bonds/croatia-2-year-bond-yield-historical-data
getting urls
['https://www.investing.com/rates-bonds/colombia-2-year-bond-yield-historical-data', 'https://www.investing.com/rates-bonds/colombia-2-year-historical-data', 'https://www.investing.com/rates-bonds/colombia-2-year-bond-yield', 'https://www.investing.com/rates-bonds/colombia-2-years-bond-yield', 'https://www.investing.com/rates-bonds/colombia-2-year']
https://www.investing.com/rates-bonds/colombia-2-year-bond-yield-historical-data
getting urls
['https://www.investing.com/rates-bonds/colombia-5-year-bond-yield-historical-data', 'https://www.investing.com/rates-bonds/colombia-5-year-historical-data', 'https://www.investing.com/rates-bonds/colombia-5-year-bond-yield', 'https://www.investing.com/rates-bonds/colombia-5-years-bond-yield', 'https://www.investing.com/rates-bonds/colombia-5-year']
https://www.investing.com/rates-bonds/colombia-5-year-bond-yield-historical-data
TImeout, continuing to extract element
TImeout, continuing to extract elementTImeout, continuing to extract element

instrument id: 29238
instrument id: 29240
NO ID, RETRYING
instrument id: None
FileNotFoundError caught. Attempting to modify URL and retry.
https://www.investing.com/rates-bonds/croatia-2-year-historical-data
TImeout, continuing to extract element
instrument id: 1199848
getting urls
['https://www.investing.com/rates-bonds/croatia-5-year-bond-yield-historical-data', 'https://www.investing.com/rates-bonds/croatia-5-year-historical-data', 'https://www.investing.com/rates-bonds/croatia-5-year-bond-yield', 'https://www.investing.com/rates-bonds/croatia-5-years-bond-yield', 'https://www.investing.com/rates-bonds/croatia-5-year']
https://www.investing.com/rates-bonds/croatia-5-year-bond-yield-historical-data
TImeout, continuing to extract element
getting urls
['https://www.investing.com/rates-bonds/czech-republic-2-year-bond-yield-historical-data', 'https://www.investing.com/rates-bonds/czech-republic-2-year-historical-data', 'https://www.investing.com/rates-bonds/czech-republic-2-year-bond-yield', 'https://www.investing.com/rates-bonds/czech-republic-2-years-bond-yield', 'https://www.investing.com/rates-bonds/czech-republic-2-year']
https://www.investing.com/rates-bonds/czech-republic-2-year-bond-yield-historical-data
instrument id: 24001
getting urls
['https://www.investing.com/rates-bonds/czech-republic-5-year-bond-yield-historical-data', 'https://www.investing.com/rates-bonds/czech-republic-5-year-historical-data', 'https://www.investing.com/rates-bonds/czech-republic-5-year-bond-yield', 'https://www.investing.com/rates-bonds/czech-republic-5-years-bond-yield', 'https://www.investing.com/rates-bonds/czech-republic-5-year']
https://www.investing.com/rates-bonds/czech-republic-5-year-bond-yield-historical-data
TImeout, continuing to extract element
instrument id: 29249
TImeout, continuing to extract element
instrument id: 29252
getting urls
['https://www.investing.com/rates-bonds/denmark-2-year-bond-yield-historical-data', 'https://www.investing.com/rates-bonds/denmark-2-year-historical-data', 'https://www.investing.com/rates-bonds/denmark-2-year-bond-yield', 'https://www.investing.com/rates-bonds/denmark-2-years-bond-yield', 'https://www.investing.com/rates-bonds/denmark-2-year']
https://www.investing.com/rates-bonds/denmark-2-year-bond-yield-historical-data
TImeout, continuing to extract element
getting urls
['https://www.investing.com/rates-bonds/denmark-5-year-bond-yield-historical-data', 'https://www.investing.com/rates-bonds/denmark-5-year-historical-data', 'https://www.investing.com/rates-bonds/denmark-5-year-bond-yield', 'https://www.investing.com/rates-bonds/denmark-5-years-bond-yield', 'https://www.investing.com/rates-bonds/denmark-5-year']
https://www.investing.com/rates-bonds/denmark-5-year-bond-yield-historical-data
instrument id: 23834
TImeout, continuing to extract element
instrument id: 23836
getting urls
['https://www.investing.com/rates-bonds/egypt-2-year-bond-yield-historical-data', 'https://www.investing.com/rates-bonds/egypt-2-year-historical-data', 'https://www.investing.com/rates-bonds/egypt-2-year-bond-yield', 'https://www.investing.com/rates-bonds/egypt-2-years-bond-yield', 'https://www.investing.com/rates-bonds/egypt-2-year']
https://www.investing.com/rates-bonds/egypt-2-year-bond-yield-historical-data
TImeout, continuing to extract element
NO ID, RETRYING
instrument id: None
FileNotFoundError caught. Attempting to modify URL and retry.
https://www.investing.com/rates-bonds/egypt-2-year-historical-data
TImeout, continuing to extract element
instrument id: 1052495
getting urls
['https://www.investing.com/rates-bonds/egypt-5-year-bond-yield-historical-data', 'https://www.investing.com/rates-bonds/egypt-5-year-historical-data', 'https://www.investing.com/rates-bonds/egypt-5-year-bond-yield', 'https://www.investing.com/rates-bonds/egypt-5-years-bond-yield', 'https://www.investing.com/rates-bonds/egypt-5-year']
https://www.investing.com/rates-bonds/egypt-5-year-bond-yield-historical-data
getting urls
['https://www.investing.com/rates-bonds/finland-2-year-bond-yield-historical-data', 'https://www.investing.com/rates-bonds/finland-2-year-historical-data', 'https://www.investing.com/rates-bonds/finland-2-year-bond-yield', 'https://www.investing.com/rates-bonds/finland-2-years-bond-yield', 'https://www.investing.com/rates-bonds/finland-2-year']
https://www.investing.com/rates-bonds/finland-2-year-bond-yield-historical-data
TImeout, continuing to extract element
TImeout, continuing to extract element
instrument id: 40643
instrument id: 23845
getting urls
['https://www.investing.com/rates-bonds/finland-5-year-bond-yield-historical-data', 'https://www.investing.com/rates-bonds/finland-5-year-historical-data', 'https://www.investing.com/rates-bonds/finland-5-year-bond-yield', 'https://www.investing.com/rates-bonds/finland-5-years-bond-yield', 'https://www.investing.com/rates-bonds/finland-5-year']
https://www.investing.com/rates-bonds/finland-5-year-bond-yield-historical-data
TImeout, continuing to extract element
getting urls
['https://www.investing.com/rates-bonds/france-2-year-bond-yield-historical-data', 'https://www.investing.com/rates-bonds/france-2-year-historical-data', 'https://www.investing.com/rates-bonds/france-2-year-bond-yield', 'https://www.investing.com/rates-bonds/france-2-years-bond-yield', 'https://www.investing.com/rates-bonds/france-2-year']
https://www.investing.com/rates-bonds/france-2-year-bond-yield-historical-data
instrument id: 23848
getting urls
['https://www.investing.com/rates-bonds/france-5-year-bond-yield-historical-data', 'https://www.investing.com/rates-bonds/france-5-year-historical-data', 'https://www.investing.com/rates-bonds/france-5-year-bond-yield', 'https://www.investing.com/rates-bonds/france-5-years-bond-yield', 'https://www.investing.com/rates-bonds/france-5-year']
https://www.investing.com/rates-bonds/france-5-year-bond-yield-historical-data
TImeout, continuing to extract element
TImeout, continuing to extract element
instrument id: 23770
instrument id: 23773
getting urls
['https://www.investing.com/rates-bonds/germany-2-year-bond-yield-historical-data', 'https://www.investing.com/rates-bonds/germany-2-year-historical-data', 'https://www.investing.com/rates-bonds/germany-2-year-bond-yield', 'https://www.investing.com/rates-bonds/germany-2-years-bond-yield', 'https://www.investing.com/rates-bonds/germany-2-year']
https://www.investing.com/rates-bonds/germany-2-year-bond-yield-historical-data
TImeout, continuing to extract element
instrument id: 23685
getting urls
['https://www.investing.com/rates-bonds/germany-5-year-bond-yield-historical-data', 'https://www.investing.com/rates-bonds/germany-5-year-historical-data', 'https://www.investing.com/rates-bonds/germany-5-year-bond-yield', 'https://www.investing.com/rates-bonds/germany-5-years-bond-yield', 'https://www.investing.com/rates-bonds/germany-5-year']
https://www.investing.com/rates-bonds/germany-5-year-bond-yield-historical-data
TImeout, continuing to extract element
instrument id: 23688
getting urls
['https://www.investing.com/rates-bonds/greece-2-year-bond-yield-historical-data', 'https://www.investing.com/rates-bonds/greece-2-year-historical-data', 'https://www.investing.com/rates-bonds/greece-2-year-bond-yield', 'https://www.investing.com/rates-bonds/greece-2-years-bond-yield', 'https://www.investing.com/rates-bonds/greece-2-year']
https://www.investing.com/rates-bonds/greece-2-year-bond-yield-historical-data
TImeout, continuing to extract element
instrument id: 23979
getting urls
['https://www.investing.com/rates-bonds/greece-5-year-bond-yield-historical-data', 'https://www.investing.com/rates-bonds/greece-5-year-historical-data', 'https://www.investing.com/rates-bonds/greece-5-year-bond-yield', 'https://www.investing.com/rates-bonds/greece-5-years-bond-yield', 'https://www.investing.com/rates-bonds/greece-5-year']
https://www.investing.com/rates-bonds/greece-5-year-bond-yield-historical-data
getting urls
['https://www.investing.com/rates-bonds/hong-kong-2-year-bond-yield-historical-data', 'https://www.investing.com/rates-bonds/hong-kong-2-year-historical-data', 'https://www.investing.com/rates-bonds/hong-kong-2-year-bond-yield', 'https://www.investing.com/rates-bonds/hong-kong-2-years-bond-yield', 'https://www.investing.com/rates-bonds/hong-kong-2-year']
https://www.investing.com/rates-bonds/hong-kong-2-year-bond-yield-historical-data
TImeout, continuing to extract element
TImeout, continuing to extract element
instrument id: 23981
instrument id: 23912
getting urls
['https://www.investing.com/rates-bonds/hong-kong-5-year-bond-yield-historical-data', 'https://www.investing.com/rates-bonds/hong-kong-5-year-historical-data', 'https://www.investing.com/rates-bonds/hong-kong-5-year-bond-yield', 'https://www.investing.com/rates-bonds/hong-kong-5-years-bond-yield', 'https://www.investing.com/rates-bonds/hong-kong-5-year']
https://www.investing.com/rates-bonds/hong-kong-5-year-bond-yield-historical-data
getting urls
['https://www.investing.com/rates-bonds/iceland-2-year-bond-yield-historical-data', 'https://www.investing.com/rates-bonds/iceland-2-year-historical-data', 'https://www.investing.com/rates-bonds/iceland-2-year-bond-yield', 'https://www.investing.com/rates-bonds/iceland-2-years-bond-yield', 'https://www.investing.com/rates-bonds/iceland-2-year']
https://www.investing.com/rates-bonds/iceland-2-year-bond-yield-historical-data
TImeout, continuing to extract element
instrument id: 23915
TImeout, continuing to extract element
getting urls
['https://www.investing.com/rates-bonds/iceland-5-year-bond-yield-historical-data', 'https://www.investing.com/rates-bonds/iceland-5-year-historical-data', 'https://www.investing.com/rates-bonds/iceland-5-year-bond-yield', 'https://www.investing.com/rates-bonds/iceland-5-years-bond-yield', 'https://www.investing.com/rates-bonds/iceland-5-year']
https://www.investing.com/rates-bonds/iceland-5-year-bond-yield-historical-data
instrument id: 29225
TImeout, continuing to extract element
NO ID, RETRYING
instrument id: None
FileNotFoundError caught. Attempting to modify URL and retry.
https://www.investing.com/rates-bonds/iceland-5-year-historical-data
TImeout, continuing to extract element
getting urls
['https://www.investing.com/rates-bonds/india-2-year-bond-yield-historical-data', 'https://www.investing.com/rates-bonds/india-2-year-historical-data', 'https://www.investing.com/rates-bonds/india-2-year-bond-yield', 'https://www.investing.com/rates-bonds/india-2-years-bond-yield', 'https://www.investing.com/rates-bonds/india-2-year']
https://www.investing.com/rates-bonds/india-2-year-bond-yield-historical-data
getting urls
['https://www.investing.com/rates-bonds/india-5-year-bond-yield-historical-data', 'https://www.investing.com/rates-bonds/india-5-year-historical-data', 'https://www.investing.com/rates-bonds/india-5-year-bond-yield', 'https://www.investing.com/rates-bonds/india-5-years-bond-yield', 'https://www.investing.com/rates-bonds/india-5-year']
https://www.investing.com/rates-bonds/india-5-year-bond-yield-historical-data
NO ID, RETRYING
instrument id: None
FileNotFoundError caught. Attempting to modify URL and retry.
https://www.investing.com/rates-bonds/iceland-5-year-bond-yield
TImeout, continuing to extract element
TImeout, continuing to extract element
instrument id: 24006
instrument id: 24009
TImeout, continuing to extract element
instrument id: 29226
getting urls
['https://www.investing.com/rates-bonds/ireland-2-year-bond-yield-historical-data', 'https://www.investing.com/rates-bonds/ireland-2-year-historical-data', 'https://www.investing.com/rates-bonds/ireland-2-year-bond-yield', 'https://www.investing.com/rates-bonds/ireland-2-years-bond-yield', 'https://www.investing.com/rates-bonds/ireland-2-year']
https://www.investing.com/rates-bonds/ireland-2-year-bond-yield-historical-data
TImeout, continuing to extract element
instrument id: 29268
getting urls
['https://www.investing.com/rates-bonds/ireland-5-year-bond-yield-historical-data', 'https://www.investing.com/rates-bonds/ireland-5-year-historical-data', 'https://www.investing.com/rates-bonds/ireland-5-year-bond-yield', 'https://www.investing.com/rates-bonds/ireland-5-years-bond-yield', 'https://www.investing.com/rates-bonds/ireland-5-year']
https://www.investing.com/rates-bonds/ireland-5-year-bond-yield-historical-data
TImeout, continuing to extract element
getting urls
['https://www.investing.com/rates-bonds/israel-2-year-bond-yield-historical-data', 'https://www.investing.com/rates-bonds/israel-2-year-historical-data', 'https://www.investing.com/rates-bonds/israel-2-year-bond-yield', 'https://www.investing.com/rates-bonds/israel-2-years-bond-yield', 'https://www.investing.com/rates-bonds/israel-2-year']
https://www.investing.com/rates-bonds/israel-2-year-bond-yield-historical-data
instrument id: 29270
TImeout, continuing to extract element
NO ID, RETRYING
instrument id: None
FileNotFoundError caught. Attempting to modify URL and retry.
https://www.investing.com/rates-bonds/israel-2-year-historical-data
getting urls
['https://www.investing.com/rates-bonds/israel-5-year-bond-yield-historical-data', 'https://www.investing.com/rates-bonds/israel-5-year-historical-data', 'https://www.investing.com/rates-bonds/israel-5-year-bond-yield', 'https://www.investing.com/rates-bonds/israel-5-years-bond-yield', 'https://www.investing.com/rates-bonds/israel-5-year']
https://www.investing.com/rates-bonds/israel-5-year-bond-yield-historical-data
TImeout, continuing to extract element
getting urls
['https://www.investing.com/rates-bonds/italy-2-year-bond-yield-historical-data', 'https://www.investing.com/rates-bonds/italy-2-year-historical-data', 'https://www.investing.com/rates-bonds/italy-2-year-bond-yield', 'https://www.investing.com/rates-bonds/italy-2-years-bond-yield', 'https://www.investing.com/rates-bonds/italy-2-year']
https://www.investing.com/rates-bonds/italy-2-year-bond-yield-historical-data
TImeout, continuing to extract element
instrument id: 1052482
TImeout, continuing to extract element
instrument id: 24043
instrument id: 23730
getting urls
['https://www.investing.com/rates-bonds/italy-5-year-bond-yield-historical-data', 'https://www.investing.com/rates-bonds/italy-5-year-historical-data', 'https://www.investing.com/rates-bonds/italy-5-year-bond-yield', 'https://www.investing.com/rates-bonds/italy-5-years-bond-yield', 'https://www.investing.com/rates-bonds/italy-5-year']
https://www.investing.com/rates-bonds/italy-5-year-bond-yield-historical-data
TImeout, continuing to extract element
instrument id: 23733
getting urls
['https://www.investing.com/rates-bonds/japan-2-year-bond-yield-historical-data', 'https://www.investing.com/rates-bonds/japan-2-year-historical-data', 'https://www.investing.com/rates-bonds/japan-2-year-bond-yield', 'https://www.investing.com/rates-bonds/japan-2-years-bond-yield', 'https://www.investing.com/rates-bonds/japan-2-year']
https://www.investing.com/rates-bonds/japan-2-year-bond-yield-historical-data
TImeout, continuing to extract element
instrument id: 23893
getting urls
['https://www.investing.com/rates-bonds/japan-5-year-bond-yield-historical-data', 'https://www.investing.com/rates-bonds/japan-5-year-historical-data', 'https://www.investing.com/rates-bonds/japan-5-year-bond-yield', 'https://www.investing.com/rates-bonds/japan-5-years-bond-yield', 'https://www.investing.com/rates-bonds/japan-5-year']
https://www.investing.com/rates-bonds/japan-5-year-bond-yield-historical-data
TImeout, continuing to extract element
instrument id: 23896
getting urls
['https://www.investing.com/rates-bonds/kazakhstan-2-year-bond-yield-historical-data', 'https://www.investing.com/rates-bonds/kazakhstan-2-year-historical-data', 'https://www.investing.com/rates-bonds/kazakhstan-2-year-bond-yield', 'https://www.investing.com/rates-bonds/kazakhstan-2-years-bond-yield', 'https://www.investing.com/rates-bonds/kazakhstan-2-year']
https://www.investing.com/rates-bonds/kazakhstan-2-year-bond-yield-historical-data
TImeout, continuing to extract element
NO ID, RETRYING
instrument id: None
FileNotFoundError caught. Attempting to modify URL and retry.
https://www.investing.com/rates-bonds/kazakhstan-2-year-historical-data
TImeout, continuing to extract element
instrument id: 1173024
getting urls
['https://www.investing.com/rates-bonds/kazakhstan-5-year-bond-yield-historical-data', 'https://www.investing.com/rates-bonds/kazakhstan-5-year-historical-data', 'https://www.investing.com/rates-bonds/kazakhstan-5-year-bond-yield', 'https://www.investing.com/rates-bonds/kazakhstan-5-years-bond-yield', 'https://www.investing.com/rates-bonds/kazakhstan-5-year']
https://www.investing.com/rates-bonds/kazakhstan-5-year-bond-yield-historical-data
TImeout, continuing to extract element
NO ID, RETRYING
instrument id: None
FileNotFoundError caught. Attempting to modify URL and retry.
https://www.investing.com/rates-bonds/kazakhstan-5-year-historical-data
getting urls
['https://www.investing.com/rates-bonds/kenya-2-year-bond-yield-historical-data', 'https://www.investing.com/rates-bonds/kenya-2-year-historical-data', 'https://www.investing.com/rates-bonds/kenya-2-year-bond-yield', 'https://www.investing.com/rates-bonds/kenya-2-years-bond-yield', 'https://www.investing.com/rates-bonds/kenya-2-year']
https://www.investing.com/rates-bonds/kenya-2-year-bond-yield-historical-data
getting urls
['https://www.investing.com/rates-bonds/kenya-5-year-bond-yield-historical-data', 'https://www.investing.com/rates-bonds/kenya-5-year-historical-data', 'https://www.investing.com/rates-bonds/kenya-5-year-bond-yield', 'https://www.investing.com/rates-bonds/kenya-5-years-bond-yield', 'https://www.investing.com/rates-bonds/kenya-5-year']
https://www.investing.com/rates-bonds/kenya-5-year-bond-yield-historical-data
TImeout, continuing to extract element
TImeout, continuing to extract element
TImeout, continuing to extract element
instrument id: 29284
instrument id: 1173027
getting urls
['https://www.investing.com/rates-bonds/latvia-2-year-bond-yield-historical-data', 'https://www.investing.com/rates-bonds/latvia-2-year-historical-data', 'https://www.investing.com/rates-bonds/latvia-2-year-bond-yield', 'https://www.investing.com/rates-bonds/latvia-2-years-bond-yield', 'https://www.investing.com/rates-bonds/latvia-2-year']
https://www.investing.com/rates-bonds/latvia-2-year-bond-yield-historical-data
instrument id: 29287
TImeout, continuing to extract element
getting urls
['https://www.investing.com/rates-bonds/latvia-5-year-bond-yield-historical-data', 'https://www.investing.com/rates-bonds/latvia-5-year-historical-data', 'https://www.investing.com/rates-bonds/latvia-5-year-bond-yield', 'https://www.investing.com/rates-bonds/latvia-5-years-bond-yield', 'https://www.investing.com/rates-bonds/latvia-5-year']
https://www.investing.com/rates-bonds/latvia-5-year-bond-yield-historical-data
TImeout, continuing to extract element
NO ID, RETRYING
instrument id: None
FileNotFoundError caught. Attempting to modify URL and retry.
https://www.investing.com/rates-bonds/latvia-2-year-historical-data
TImeout, continuing to extract element
NO ID, RETRYING
instrument id: None
FileNotFoundError caught. Attempting to modify URL and retry.
https://www.investing.com/rates-bonds/latvia-5-year-historical-data
getting urls
['https://www.investing.com/rates-bonds/mauritius-2-year-bond-yield-historical-data', 'https://www.investing.com/rates-bonds/mauritius-2-year-historical-data', 'https://www.investing.com/rates-bonds/mauritius-2-year-bond-yield', 'https://www.investing.com/rates-bonds/mauritius-2-years-bond-yield', 'https://www.investing.com/rates-bonds/mauritius-2-year']
https://www.investing.com/rates-bonds/mauritius-2-year-bond-yield-historical-data
TImeout, continuing to extract element
TImeout, continuing to extract element
NO ID, RETRYING
instrument id: None
FileNotFoundError caught. Attempting to modify URL and retry.
https://www.investing.com/rates-bonds/latvia-2-year-bond-yield
TImeout, continuing to extract element
NO ID, RETRYING
instrument id: None
FileNotFoundError caught. Attempting to modify URL and retry.
https://www.investing.com/rates-bonds/latvia-5-year-bond-yield
NO ID, RETRYING
instrument id: None
FileNotFoundError caught. Attempting to modify URL and retry.
https://www.investing.com/rates-bonds/mauritius-2-year-historical-data
TImeout, continuing to extract element
TImeout, continuing to extract element
getting urls
['https://www.investing.com/rates-bonds/mauritius-5-year-bond-yield-historical-data', 'https://www.investing.com/rates-bonds/mauritius-5-year-historical-data', 'https://www.investing.com/rates-bonds/mauritius-5-year-bond-yield', 'https://www.investing.com/rates-bonds/mauritius-5-years-bond-yield', 'https://www.investing.com/rates-bonds/mauritius-5-year']
https://www.investing.com/rates-bonds/mauritius-5-year-bond-yield-historical-data
getting urls
['https://www.investing.com/rates-bonds/morocco-2-year-bond-yield-historical-data', 'https://www.investing.com/rates-bonds/morocco-2-year-historical-data', 'https://www.investing.com/rates-bonds/morocco-2-year-bond-yield', 'https://www.investing.com/rates-bonds/morocco-2-years-bond-yield', 'https://www.investing.com/rates-bonds/morocco-2-year']
https://www.investing.com/rates-bonds/morocco-2-year-bond-yield-historical-data
NO ID, RETRYING
instrument id: None
FileNotFoundError caught. Attempting to modify URL and retry.
https://www.investing.com/rates-bonds/latvia-2-years-bond-yield
instrument id: 1052563
TImeout, continuing to extract element
TImeout, continuing to extract element
TImeout, continuing to extract element
NO ID, RETRYING
instrument id: None
FileNotFoundError caught. Attempting to modify URL and retry.
https://www.investing.com/rates-bonds/latvia-5-years-bond-yield
instrument id: 42392
TImeout, continuing to extract element
instrument id: 42391
NO ID, RETRYING
instrument id: None
FileNotFoundError caught. Attempting to modify URL and retry.
NO ID, RETRYINGhttps://www.investing.com/rates-bonds/morocco-2-year-historical-data
instrument id: None
FileNotFoundError caught. Attempting to modify URL and retry.

https://www.investing.com/rates-bonds/mauritius-5-year-historical-data
TImeout, continuing to extract element
TImeout, continuing to extract element
instrument id: 1052498
NO ID, RETRYING
instrument id: None
FileNotFoundError caught. Attempting to modify URL and retry.
https://www.investing.com/rates-bonds/mauritius-5-year-bond-yield
getting urls
['https://www.investing.com/rates-bonds/morocco-5-year-bond-yield-historical-data', 'https://www.investing.com/rates-bonds/morocco-5-year-historical-data', 'https://www.investing.com/rates-bonds/morocco-5-year-bond-yield', 'https://www.investing.com/rates-bonds/morocco-5-years-bond-yield', 'https://www.investing.com/rates-bonds/morocco-5-year']
https://www.investing.com/rates-bonds/morocco-5-year-bond-yield-historical-data
TImeout, continuing to extract element
TImeout, continuing to extract element
NO ID, RETRYING
instrument id: None
FileNotFoundError caught. Attempting to modify URL and retry.
https://www.investing.com/rates-bonds/mauritius-5-years-bond-yield
NO ID, RETRYING
instrument id: None
FileNotFoundError caught. Attempting to modify URL and retry.
https://www.investing.com/rates-bonds/morocco-5-year-historical-data
TImeout, continuing to extract element
TImeout, continuing to extract element
getting urls
['https://www.investing.com/rates-bonds/netherlands-2-year-bond-yield-historical-data', 'https://www.investing.com/rates-bonds/netherlands-2-year-historical-data', 'https://www.investing.com/rates-bonds/netherlands-2-year-bond-yield', 'https://www.investing.com/rates-bonds/netherlands-2-years-bond-yield', 'https://www.investing.com/rates-bonds/netherlands-2-year']
https://www.investing.com/rates-bonds/netherlands-2-year-bond-yield-historical-data
instrument id: 1052500
TImeout, continuing to extract element
NO ID, RETRYING
instrument id: None
FileNotFoundError caught. Attempting to modify URL and retry.
https://www.investing.com/rates-bonds/mauritius-5-year
TImeout, continuing to extract element
instrument id: 1052566
NO ID, RETRYING
instrument id: None
FileNotFoundError caught. Attempting to modify URL and retry.
https://www.investing.com/rates-bonds/netherlands-2-year-historical-data
getting urls
['https://www.investing.com/rates-bonds/netherlands-5-year-bond-yield-historical-data', 'https://www.investing.com/rates-bonds/netherlands-5-year-historical-data', 'https://www.investing.com/rates-bonds/netherlands-5-year-bond-yield', 'https://www.investing.com/rates-bonds/netherlands-5-years-bond-yield', 'https://www.investing.com/rates-bonds/netherlands-5-year']
https://www.investing.com/rates-bonds/netherlands-5-year-bond-yield-historical-data
TImeout, continuing to extract element
TImeout, continuing to extract element
instrument id: 23746
getting urls
['https://www.investing.com/rates-bonds/new-zealand-2-year-bond-yield-historical-data', 'https://www.investing.com/rates-bonds/new-zealand-2-year-historical-data', 'https://www.investing.com/rates-bonds/new-zealand-2-year-bond-yield', 'https://www.investing.com/rates-bonds/new-zealand-2-years-bond-yield', 'https://www.investing.com/rates-bonds/new-zealand-2-year']
https://www.investing.com/rates-bonds/new-zealand-2-year-bond-yield-historical-data
NO ID, RETRYING
instrument id: None
FileNotFoundError caught. Attempting to modify URL and retry.
https://www.investing.com/rates-bonds/netherlands-2-year-bond-yield
TImeout, continuing to extract element
getting urls
['https://www.investing.com/rates-bonds/new-zealand-5-year-bond-yield-historical-data', 'https://www.investing.com/rates-bonds/new-zealand-5-year-historical-data', 'https://www.investing.com/rates-bonds/new-zealand-5-year-bond-yield', 'https://www.investing.com/rates-bonds/new-zealand-5-years-bond-yield', 'https://www.investing.com/rates-bonds/new-zealand-5-year']
https://www.investing.com/rates-bonds/new-zealand-5-year-bond-yield-historical-data
TImeout, continuing to extract element
instrument id: 23743
TImeout, continuing to extract element
NO ID, RETRYING
instrument id: None
FileNotFoundError caught. Attempting to modify URL and retry.
https://www.investing.com/rates-bonds/new-zealand-2-year-historical-data
TImeout, continuing to extract element
NO ID, RETRYING
instrument id: None
FileNotFoundError caught. Attempting to modify URL and retry.
https://www.investing.com/rates-bonds/new-zealand-5-year-historical-data
TImeout, continuing to extract element
NO ID, RETRYING
instrument id: None
FileNotFoundError caught. Attempting to modify URL and retry.
https://www.investing.com/rates-bonds/new-zealand-2-year-bond-yield
TImeout, continuing to extract element
NO ID, RETRYING
instrument id: None
FileNotFoundError caught. Attempting to modify URL and retry.
https://www.investing.com/rates-bonds/new-zealand-5-year-bond-yield
NO ID, RETRYING
instrument id: None
FileNotFoundError caught. Attempting to modify URL and retry.
https://www.investing.com/rates-bonds/new-zealand-2-years-bond-yield
TImeout, continuing to extract element
TImeout, continuing to extract element
getting urls
['https://www.investing.com/rates-bonds/nigeria-2-year-bond-yield-historical-data', 'https://www.investing.com/rates-bonds/nigeria-2-year-historical-data', 'https://www.investing.com/rates-bonds/nigeria-2-year-bond-yield', 'https://www.investing.com/rates-bonds/nigeria-2-years-bond-yield', 'https://www.investing.com/rates-bonds/nigeria-2-year']
https://www.investing.com/rates-bonds/nigeria-2-year-bond-yield-historical-data
instrument id: 42407
getting urls
['https://www.investing.com/rates-bonds/nigeria-5-year-bond-yield-historical-data', 'https://www.investing.com/rates-bonds/nigeria-5-year-historical-data', 'https://www.investing.com/rates-bonds/nigeria-5-year-bond-yield', 'https://www.investing.com/rates-bonds/nigeria-5-years-bond-yield', 'https://www.investing.com/rates-bonds/nigeria-5-year']
https://www.investing.com/rates-bonds/nigeria-5-year-bond-yield-historical-data
NO ID, RETRYING
instrument id: None
FileNotFoundError caught. Attempting to modify URL and retry.
https://www.investing.com/rates-bonds/new-zealand-5-years-bond-yield
TImeout, continuing to extract element
TImeout, continuing to extract element
TImeout, continuing to extract element
instrument id: 42408
NO ID, RETRYING
instrument id: None
FileNotFoundError caught. Attempting to modify URL and retry.
https://www.investing.com/rates-bonds/nigeria-2-year-historical-data
NO ID, RETRYING
instrument id: None
FileNotFoundError caught. Attempting to modify URL and retry.
https://www.investing.com/rates-bonds/nigeria-5-year-historical-data
TImeout, continuing to extract element
TImeout, continuing to extract element
instrument id: 1052571
instrument id: 1052574
getting urls
['https://www.investing.com/rates-bonds/peru-2-year-bond-yield-historical-data', 'https://www.investing.com/rates-bonds/peru-2-year-historical-data', 'https://www.investing.com/rates-bonds/peru-2-year-bond-yield', 'https://www.investing.com/rates-bonds/peru-2-years-bond-yield', 'https://www.investing.com/rates-bonds/peru-2-year']
https://www.investing.com/rates-bonds/peru-2-year-bond-yield-historical-data
TImeout, continuing to extract element
NO ID, RETRYING
instrument id: None
FileNotFoundError caught. Attempting to modify URL and retry.
https://www.investing.com/rates-bonds/peru-2-year-historical-data
TImeout, continuing to extract element
instrument id: 1141798
getting urls
['https://www.investing.com/rates-bonds/philippines-5-year-bond-yield-historical-data', 'https://www.investing.com/rates-bonds/philippines-5-year-historical-data', 'https://www.investing.com/rates-bonds/philippines-5-year-bond-yield', 'https://www.investing.com/rates-bonds/philippines-5-years-bond-yield', 'https://www.investing.com/rates-bonds/philippines-5-year']
https://www.investing.com/rates-bonds/philippines-5-year-bond-yield-historical-data
getting urls
['https://www.investing.com/rates-bonds/poland-2-year-bond-yield-historical-data', 'https://www.investing.com/rates-bonds/poland-2-year-historical-data', 'https://www.investing.com/rates-bonds/poland-2-year-bond-yield', 'https://www.investing.com/rates-bonds/poland-2-years-bond-yield', 'https://www.investing.com/rates-bonds/poland-2-year']
https://www.investing.com/rates-bonds/poland-2-year-bond-yield-historical-data
getting urls
['https://www.investing.com/rates-bonds/philippines-2-year-bond-yield-historical-data', 'https://www.investing.com/rates-bonds/philippines-2-year-historical-data', 'https://www.investing.com/rates-bonds/philippines-2-year-bond-yield', 'https://www.investing.com/rates-bonds/philippines-2-years-bond-yield', 'https://www.investing.com/rates-bonds/philippines-2-year']
https://www.investing.com/rates-bonds/philippines-2-year-bond-yield-historical-data
getting urls
['https://www.investing.com/rates-bonds/peru-5-year-bond-yield-historical-data', 'https://www.investing.com/rates-bonds/peru-5-year-historical-data', 'https://www.investing.com/rates-bonds/peru-5-year-bond-yield', 'https://www.investing.com/rates-bonds/peru-5-years-bond-yield', 'https://www.investing.com/rates-bonds/peru-5-year']
https://www.investing.com/rates-bonds/peru-5-year-bond-yield-historical-data
TImeout, continuing to extract element
TImeout, continuing to extract element
TImeout, continuing to extract element
instrument id: 23940
instrument id: 29329
TImeout, continuing to extract element
instrument id: 29332
instrument id: 29320
getting urls
['https://www.investing.com/rates-bonds/poland-5-year-bond-yield-historical-data', 'https://www.investing.com/rates-bonds/poland-5-year-historical-data', 'https://www.investing.com/rates-bonds/poland-5-year-bond-yield', 'https://www.investing.com/rates-bonds/poland-5-years-bond-yield', 'https://www.investing.com/rates-bonds/poland-5-year']
https://www.investing.com/rates-bonds/poland-5-year-bond-yield-historical-data
TImeout, continuing to extract element
instrument id: 23943
getting urls
['https://www.investing.com/rates-bonds/portugal-2-year-bond-yield-historical-data', 'https://www.investing.com/rates-bonds/portugal-2-year-historical-data', 'https://www.investing.com/rates-bonds/portugal-2-year-bond-yield', 'https://www.investing.com/rates-bonds/portugal-2-years-bond-yield', 'https://www.investing.com/rates-bonds/portugal-2-year']
https://www.investing.com/rates-bonds/portugal-2-year-bond-yield-historical-data
TImeout, continuing to extract element
instrument id: 23784
getting urls
['https://www.investing.com/rates-bonds/portugal-5-year-bond-yield-historical-data', 'https://www.investing.com/rates-bonds/portugal-5-year-historical-data', 'https://www.investing.com/rates-bonds/portugal-5-year-bond-yield', 'https://www.investing.com/rates-bonds/portugal-5-years-bond-yield', 'https://www.investing.com/rates-bonds/portugal-5-year']
https://www.investing.com/rates-bonds/portugal-5-year-bond-yield-historical-data
getting urls
['https://www.investing.com/rates-bonds/qatar-2-year-bond-yield-historical-data', 'https://www.investing.com/rates-bonds/qatar-2-year-historical-data', 'https://www.investing.com/rates-bonds/qatar-2-year-bond-yield', 'https://www.investing.com/rates-bonds/qatar-2-years-bond-yield', 'https://www.investing.com/rates-bonds/qatar-2-year']
https://www.investing.com/rates-bonds/qatar-2-year-bond-yield-historical-data
TImeout, continuing to extract element
TImeout, continuing to extract element
instrument id: 23787
instrument id: 29204
getting urls
['https://www.investing.com/rates-bonds/qatar-5-year-bond-yield-historical-data', 'https://www.investing.com/rates-bonds/qatar-5-year-historical-data', 'https://www.investing.com/rates-bonds/qatar-5-year-bond-yield', 'https://www.investing.com/rates-bonds/qatar-5-years-bond-yield', 'https://www.investing.com/rates-bonds/qatar-5-year']
https://www.investing.com/rates-bonds/qatar-5-year-bond-yield-historical-data
TImeout, continuing to extract element
instrument id: 29205
getting urls
['https://www.investing.com/rates-bonds/romania-2-year-bond-yield-historical-data', 'https://www.investing.com/rates-bonds/romania-2-year-historical-data', 'https://www.investing.com/rates-bonds/romania-2-year-bond-yield', 'https://www.investing.com/rates-bonds/romania-2-years-bond-yield', 'https://www.investing.com/rates-bonds/romania-2-year']
https://www.investing.com/rates-bonds/romania-2-year-bond-yield-historical-data
TImeout, continuing to extract element
getting urls
['https://www.investing.com/rates-bonds/romania-5-year-bond-yield-historical-data', 'https://www.investing.com/rates-bonds/romania-5-year-historical-data', 'https://www.investing.com/rates-bonds/romania-5-year-bond-yield', 'https://www.investing.com/rates-bonds/romania-5-years-bond-yield', 'https://www.investing.com/rates-bonds/romania-5-year']
https://www.investing.com/rates-bonds/romania-5-year-bond-yield-historical-data
NO ID, RETRYING
instrument id: None
FileNotFoundError caught. Attempting to modify URL and retry.
https://www.investing.com/rates-bonds/romania-2-year-historical-data
TImeout, continuing to extract element
instrument id: 23989
TImeout, continuing to extract element
instrument id: 1052511
getting urls
['https://www.investing.com/rates-bonds/russia-2-year-bond-yield-historical-data', 'https://www.investing.com/rates-bonds/russia-2-year-historical-data', 'https://www.investing.com/rates-bonds/russia-2-year-bond-yield', 'https://www.investing.com/rates-bonds/russia-2-years-bond-yield', 'https://www.investing.com/rates-bonds/russia-2-year']
https://www.investing.com/rates-bonds/russia-2-year-bond-yield-historical-data
getting urls
['https://www.investing.com/rates-bonds/russia-5-year-bond-yield-historical-data', 'https://www.investing.com/rates-bonds/russia-5-year-historical-data', 'https://www.investing.com/rates-bonds/russia-5-year-bond-yield', 'https://www.investing.com/rates-bonds/russia-5-years-bond-yield', 'https://www.investing.com/rates-bonds/russia-5-year']
https://www.investing.com/rates-bonds/russia-5-year-bond-yield-historical-data
TImeout, continuing to extract element
getting urls
['https://www.investing.com/rates-bonds/serbia-2-year-bond-yield-historical-data', 'https://www.investing.com/rates-bonds/serbia-2-year-historical-data', 'https://www.investing.com/rates-bonds/serbia-2-year-bond-yield', 'https://www.investing.com/rates-bonds/serbia-2-years-bond-yield', 'https://www.investing.com/rates-bonds/serbia-2-year']
https://www.investing.com/rates-bonds/serbia-2-year-bond-yield-historical-data
TImeout, continuing to extract element
instrument id: 23971
instrument id: 23973
TImeout, continuing to extract element
getting urls
['https://www.investing.com/rates-bonds/serbia-5-year-bond-yield-historical-data', 'https://www.investing.com/rates-bonds/serbia-5-year-historical-data', 'https://www.investing.com/rates-bonds/serbia-5-year-bond-yield', 'https://www.investing.com/rates-bonds/serbia-5-years-bond-yield', 'https://www.investing.com/rates-bonds/serbia-5-year']
https://www.investing.com/rates-bonds/serbia-5-year-bond-yield-historical-data
NO ID, RETRYING
instrument id: None
FileNotFoundError caught. Attempting to modify URL and retry.
https://www.investing.com/rates-bonds/serbia-2-year-historical-data
TImeout, continuing to extract element
TImeout, continuing to extract element
instrument id: 1052578
NO ID, RETRYING
instrument id: None
FileNotFoundError caught. Attempting to modify URL and retry.
https://www.investing.com/rates-bonds/serbia-5-year-historical-data
TImeout, continuing to extract element
getting urls
['https://www.investing.com/rates-bonds/singapore-2-year-bond-yield-historical-data', 'https://www.investing.com/rates-bonds/singapore-2-year-historical-data', 'https://www.investing.com/rates-bonds/singapore-2-year-bond-yield', 'https://www.investing.com/rates-bonds/singapore-2-years-bond-yield', 'https://www.investing.com/rates-bonds/singapore-2-year']
https://www.investing.com/rates-bonds/singapore-2-year-bond-yield-historical-data
TImeout, continuing to extract element
instrument id: 1052581
instrument id: 23885
getting urls
['https://www.investing.com/rates-bonds/singapore-5-year-bond-yield-historical-data', 'https://www.investing.com/rates-bonds/singapore-5-year-historical-data', 'https://www.investing.com/rates-bonds/singapore-5-year-bond-yield', 'https://www.investing.com/rates-bonds/singapore-5-years-bond-yield', 'https://www.investing.com/rates-bonds/singapore-5-year']
https://www.investing.com/rates-bonds/singapore-5-year-bond-yield-historical-data
getting urls
['https://www.investing.com/rates-bonds/slovakia-2-year-bond-yield-historical-data', 'https://www.investing.com/rates-bonds/slovakia-2-year-historical-data', 'https://www.investing.com/rates-bonds/slovakia-2-year-bond-yield', 'https://www.investing.com/rates-bonds/slovakia-2-years-bond-yield', 'https://www.investing.com/rates-bonds/slovakia-2-year']
https://www.investing.com/rates-bonds/slovakia-2-year-bond-yield-historical-data
TImeout, continuing to extract element
TImeout, continuing to extract element
instrument id: 23886
instrument id: 29337
getting urls
['https://www.investing.com/rates-bonds/slovakia-5-year-bond-yield-historical-data', 'https://www.investing.com/rates-bonds/slovakia-5-year-historical-data', 'https://www.investing.com/rates-bonds/slovakia-5-year-bond-yield', 'https://www.investing.com/rates-bonds/slovakia-5-years-bond-yield', 'https://www.investing.com/rates-bonds/slovakia-5-year']
https://www.investing.com/rates-bonds/slovakia-5-year-bond-yield-historical-data
TImeout, continuing to extract element
instrument id: 29339
getting urls
['https://www.investing.com/rates-bonds/south-korea-2-year-bond-yield-historical-data', 'https://www.investing.com/rates-bonds/south-korea-2-year-historical-data', 'https://www.investing.com/rates-bonds/south-korea-2-year-bond-yield', 'https://www.investing.com/rates-bonds/south-korea-2-years-bond-yield', 'https://www.investing.com/rates-bonds/south-korea-2-year']
https://www.investing.com/rates-bonds/south-korea-2-year-bond-yield-historical-data
TImeout, continuing to extract element
instrument id: 29295
getting urls
['https://www.investing.com/rates-bonds/south-korea-5-year-bond-yield-historical-data', 'https://www.investing.com/rates-bonds/south-korea-5-year-historical-data', 'https://www.investing.com/rates-bonds/south-korea-5-year-bond-yield', 'https://www.investing.com/rates-bonds/south-korea-5-years-bond-yield', 'https://www.investing.com/rates-bonds/south-korea-5-year']
https://www.investing.com/rates-bonds/south-korea-5-year-bond-yield-historical-data
TImeout, continuing to extract element
instrument id: 29298
getting urls
['https://www.investing.com/rates-bonds/spain-2-year-bond-yield-historical-data', 'https://www.investing.com/rates-bonds/spain-2-year-historical-data', 'https://www.investing.com/rates-bonds/spain-2-year-bond-yield', 'https://www.investing.com/rates-bonds/spain-2-years-bond-yield', 'https://www.investing.com/rates-bonds/spain-2-year']
https://www.investing.com/rates-bonds/spain-2-year-bond-yield-historical-data
getting urls
['https://www.investing.com/rates-bonds/spain-5-year-bond-yield-historical-data', 'https://www.investing.com/rates-bonds/spain-5-year-historical-data', 'https://www.investing.com/rates-bonds/spain-5-year-bond-yield', 'https://www.investing.com/rates-bonds/spain-5-years-bond-yield', 'https://www.investing.com/rates-bonds/spain-5-year']
https://www.investing.com/rates-bonds/spain-5-year-bond-yield-historical-data
TImeout, continuing to extract element
TImeout, continuing to extract element
getting urls
['https://www.investing.com/rates-bonds/sri-lanka-2-year-bond-yield-historical-data', 'https://www.investing.com/rates-bonds/sri-lanka-2-year-historical-data', 'https://www.investing.com/rates-bonds/sri-lanka-2-year-bond-yield', 'https://www.investing.com/rates-bonds/sri-lanka-2-years-bond-yield', 'https://www.investing.com/rates-bonds/sri-lanka-2-year']
https://www.investing.com/rates-bonds/sri-lanka-2-year-bond-yield-historical-data
instrument id: 23801instrument id: 23798

TImeout, continuing to extract element
instrument id: 29347
getting urls
['https://www.investing.com/rates-bonds/sri-lanka-5-year-bond-yield-historical-data', 'https://www.investing.com/rates-bonds/sri-lanka-5-year-historical-data', 'https://www.investing.com/rates-bonds/sri-lanka-5-year-bond-yield', 'https://www.investing.com/rates-bonds/sri-lanka-5-years-bond-yield', 'https://www.investing.com/rates-bonds/sri-lanka-5-year']
https://www.investing.com/rates-bonds/sri-lanka-5-year-bond-yield-historical-data
TImeout, continuing to extract element
instrument id: 29350
getting urls
['https://www.investing.com/rates-bonds/sweden-2-year-bond-yield-historical-data', 'https://www.investing.com/rates-bonds/sweden-2-year-historical-data', 'https://www.investing.com/rates-bonds/sweden-2-year-bond-yield', 'https://www.investing.com/rates-bonds/sweden-2-years-bond-yield', 'https://www.investing.com/rates-bonds/sweden-2-year']
https://www.investing.com/rates-bonds/sweden-2-year-bond-yield-historical-data
getting urls
['https://www.investing.com/rates-bonds/sweden-5-year-bond-yield-historical-data', 'https://www.investing.com/rates-bonds/sweden-5-year-historical-data', 'https://www.investing.com/rates-bonds/sweden-5-year-bond-yield', 'https://www.investing.com/rates-bonds/sweden-5-years-bond-yield', 'https://www.investing.com/rates-bonds/sweden-5-year']
https://www.investing.com/rates-bonds/sweden-5-year-bond-yield-historical-data
TImeout, continuing to extract element
TImeout, continuing to extract element
instrument id: 23814
instrument id: 24039
getting urls
['https://www.investing.com/rates-bonds/switzerland-2-year-bond-yield-historical-data', 'https://www.investing.com/rates-bonds/switzerland-2-year-historical-data', 'https://www.investing.com/rates-bonds/switzerland-2-year-bond-yield', 'https://www.investing.com/rates-bonds/switzerland-2-years-bond-yield', 'https://www.investing.com/rates-bonds/switzerland-2-year']
https://www.investing.com/rates-bonds/switzerland-2-year-bond-yield-historical-data
TImeout, continuing to extract element
instrument id: 23714
getting urls
['https://www.investing.com/rates-bonds/switzerland-5-year-bond-yield-historical-data', 'https://www.investing.com/rates-bonds/switzerland-5-year-historical-data', 'https://www.investing.com/rates-bonds/switzerland-5-year-bond-yield', 'https://www.investing.com/rates-bonds/switzerland-5-years-bond-yield', 'https://www.investing.com/rates-bonds/switzerland-5-year']
https://www.investing.com/rates-bonds/switzerland-5-year-bond-yield-historical-data
TImeout, continuing to extract element
getting urls
['https://www.investing.com/rates-bonds/taiwan-2-year-bond-yield-historical-data', 'https://www.investing.com/rates-bonds/taiwan-2-year-historical-data', 'https://www.investing.com/rates-bonds/taiwan-2-year-bond-yield', 'https://www.investing.com/rates-bonds/taiwan-2-years-bond-yield', 'https://www.investing.com/rates-bonds/taiwan-2-year']
https://www.investing.com/rates-bonds/taiwan-2-year-bond-yield-historical-data
instrument id: 23717
TImeout, continuing to extract element
instrument id: 29358
getting urls
['https://www.investing.com/rates-bonds/taiwan-5-year-bond-yield-historical-data', 'https://www.investing.com/rates-bonds/taiwan-5-year-historical-data', 'https://www.investing.com/rates-bonds/taiwan-5-year-bond-yield', 'https://www.investing.com/rates-bonds/taiwan-5-years-bond-yield', 'https://www.investing.com/rates-bonds/taiwan-5-year']
https://www.investing.com/rates-bonds/taiwan-5-year-bond-yield-historical-data
getting urls
['https://www.investing.com/rates-bonds/thailand-2-year-bond-yield-historical-data', 'https://www.investing.com/rates-bonds/thailand-2-year-historical-data', 'https://www.investing.com/rates-bonds/thailand-2-year-bond-yield', 'https://www.investing.com/rates-bonds/thailand-2-years-bond-yield', 'https://www.investing.com/rates-bonds/thailand-2-year']
https://www.investing.com/rates-bonds/thailand-2-year-bond-yield-historical-data
getting urls
['https://www.investing.com/rates-bonds/thailand-5-year-bond-yield-historical-data', 'https://www.investing.com/rates-bonds/thailand-5-year-historical-data', 'https://www.investing.com/rates-bonds/thailand-5-year-bond-yield', 'https://www.investing.com/rates-bonds/thailand-5-years-bond-yield', 'https://www.investing.com/rates-bonds/thailand-5-year']
https://www.investing.com/rates-bonds/thailand-5-year-bond-yield-historical-data
TImeout, continuing to extract element
instrument id: 29359
TImeout, continuing to extract element
instrument id: 29366
TImeout, continuing to extract element
instrument id: 29367
getting urls
['https://www.investing.com/rates-bonds/turkey-2-year-bond-yield-historical-data', 'https://www.investing.com/rates-bonds/turkey-2-year-historical-data', 'https://www.investing.com/rates-bonds/turkey-2-year-bond-yield', 'https://www.investing.com/rates-bonds/turkey-2-years-bond-yield', 'https://www.investing.com/rates-bonds/turkey-2-year']
https://www.investing.com/rates-bonds/turkey-2-year-bond-yield-historical-data
getting urls
['https://www.investing.com/rates-bonds/turkey-5-year-bond-yield-historical-data', 'https://www.investing.com/rates-bonds/turkey-5-year-historical-data', 'https://www.investing.com/rates-bonds/turkey-5-year-bond-yield', 'https://www.investing.com/rates-bonds/turkey-5-years-bond-yield', 'https://www.investing.com/rates-bonds/turkey-5-year']
https://www.investing.com/rates-bonds/turkey-5-year-bond-yield-historical-data
TImeout, continuing to extract element
TImeout, continuing to extract element
instrument id: 24034
instrument id: 24036
getting urls
['https://www.investing.com/rates-bonds/uganda-2-year-bond-yield-historical-data', 'https://www.investing.com/rates-bonds/uganda-2-year-historical-data', 'https://www.investing.com/rates-bonds/uganda-2-year-bond-yield', 'https://www.investing.com/rates-bonds/uganda-2-years-bond-yield', 'https://www.investing.com/rates-bonds/uganda-2-year']
https://www.investing.com/rates-bonds/uganda-2-year-bond-yield-historical-data
TImeout, continuing to extract element
getting urls
['https://www.investing.com/rates-bonds/uganda-5-year-bond-yield-historical-data', 'https://www.investing.com/rates-bonds/uganda-5-year-historical-data', 'https://www.investing.com/rates-bonds/uganda-5-year-bond-yield', 'https://www.investing.com/rates-bonds/uganda-5-years-bond-yield', 'https://www.investing.com/rates-bonds/uganda-5-year']
https://www.investing.com/rates-bonds/uganda-5-year-bond-yield-historical-data
getting urls
['https://www.investing.com/rates-bonds/uk-2-year-bond-yield-historical-data', 'https://www.investing.com/rates-bonds/uk-2-year-historical-data', 'https://www.investing.com/rates-bonds/uk-2-year-bond-yield', 'https://www.investing.com/rates-bonds/uk-2-years-bond-yield', 'https://www.investing.com/rates-bonds/uk-2-year']
https://www.investing.com/rates-bonds/uk-2-year-bond-yield-historical-data
TImeout, continuing to extract element
TImeout, continuing to extract element
NO ID, RETRYING
instrument id: None
FileNotFoundError caught. Attempting to modify URL and retry.
https://www.investing.com/rates-bonds/uganda-2-year-historical-data
instrument id: 23665
TImeout, continuing to extract element
NO ID, RETRYING
instrument id: None
FileNotFoundError caught. Attempting to modify URL and retry.
https://www.investing.com/rates-bonds/uganda-5-year-historical-data
TImeout, continuing to extract element
NO ID, RETRYING
instrument id: None
FileNotFoundError caught. Attempting to modify URL and retry.
https://www.investing.com/rates-bonds/uganda-2-year-bond-yield
TImeout, continuing to extract element
NO ID, RETRYING
instrument id: None
FileNotFoundError caught. Attempting to modify URL and retry.
https://www.investing.com/rates-bonds/uganda-5-year-bond-yield
getting urls
['https://www.investing.com/rates-bonds/uk-5-year-bond-yield-historical-data', 'https://www.investing.com/rates-bonds/uk-5-year-historical-data', 'https://www.investing.com/rates-bonds/uk-5-year-bond-yield', 'https://www.investing.com/rates-bonds/uk-5-years-bond-yield', 'https://www.investing.com/rates-bonds/uk-5-year']
https://www.investing.com/rates-bonds/uk-5-year-bond-yield-historical-data
TImeout, continuing to extract element
getting urls
['https://www.investing.com/rates-bonds/u.s.-2-year-bond-yield-historical-data', 'https://www.investing.com/rates-bonds/u.s.-2-year-historical-data', 'https://www.investing.com/rates-bonds/u.s.-2-year-bond-yield', 'https://www.investing.com/rates-bonds/u.s.-2-years-bond-yield', 'https://www.investing.com/rates-bonds/u.s.-2-year']
https://www.investing.com/rates-bonds/u.s.-2-year-bond-yield-historical-data
NO ID, RETRYING
instrument id: None
FileNotFoundError caught. Attempting to modify URL and retry.
https://www.investing.com/rates-bonds/uganda-2-years-bond-yield
TImeout, continuing to extract element
TImeout, continuing to extract element
TImeout, continuing to extract element
NO ID, RETRYING
instrument id: None
FileNotFoundError caught. Attempting to modify URL and retry.
https://www.investing.com/rates-bonds/uganda-5-years-bond-yield
instrument id: 23668
instrument id: 42342
instrument id: 23701
TImeout, continuing to extract element
instrument id: 42326
getting urls
['https://www.investing.com/rates-bonds/u.s.-5-year-bond-yield-historical-data', 'https://www.investing.com/rates-bonds/u.s.-5-year-historical-data', 'https://www.investing.com/rates-bonds/u.s.-5-year-bond-yield', 'https://www.investing.com/rates-bonds/u.s.-5-years-bond-yield', 'https://www.investing.com/rates-bonds/u.s.-5-year']
https://www.investing.com/rates-bonds/u.s.-5-year-bond-yield-historical-data
TImeout, continuing to extract element
instrument id: 23703
getting urls
['https://www.investing.com/rates-bonds/vietnam-2-year-bond-yield-historical-data', 'https://www.investing.com/rates-bonds/vietnam-2-year-historical-data', 'https://www.investing.com/rates-bonds/vietnam-2-year-bond-yield', 'https://www.investing.com/rates-bonds/vietnam-2-years-bond-yield', 'https://www.investing.com/rates-bonds/vietnam-2-year']
https://www.investing.com/rates-bonds/vietnam-2-year-bond-yield-historical-data
getting urls
['https://www.investing.com/rates-bonds/vietnam-5-year-bond-yield-historical-data', 'https://www.investing.com/rates-bonds/vietnam-5-year-historical-data', 'https://www.investing.com/rates-bonds/vietnam-5-year-bond-yield', 'https://www.investing.com/rates-bonds/vietnam-5-years-bond-yield', 'https://www.investing.com/rates-bonds/vietnam-5-year']
https://www.investing.com/rates-bonds/vietnam-5-year-bond-yield-historical-data
getting urls
['https://www.investing.com/rates-bonds/zambia-2-year-bond-yield-historical-data', 'https://www.investing.com/rates-bonds/zambia-2-year-historical-data', 'https://www.investing.com/rates-bonds/zambia-2-year-bond-yield', 'https://www.investing.com/rates-bonds/zambia-2-years-bond-yield', 'https://www.investing.com/rates-bonds/zambia-2-year']
https://www.investing.com/rates-bonds/zambia-2-year-bond-yield-historical-data
TImeout, continuing to extract element
instrument id: 29381
TImeout, continuing to extract element
instrument id: 29383
TImeout, continuing to extract element
getting urls
['https://www.investing.com/rates-bonds/zambia-5-year-bond-yield-historical-data', 'https://www.investing.com/rates-bonds/zambia-5-year-historical-data', 'https://www.investing.com/rates-bonds/zambia-5-year-bond-yield', 'https://www.investing.com/rates-bonds/zambia-5-years-bond-yield', 'https://www.investing.com/rates-bonds/zambia-5-year']
https://www.investing.com/rates-bonds/zambia-5-year-bond-yield-historical-data
TImeout, continuing to extract element
NO ID, RETRYING
instrument id: None
FileNotFoundError caught. Attempting to modify URL and retry.
https://www.investing.com/rates-bonds/zambia-2-year-historical-data
TImeout, continuing to extract element
instrument id: 1199820
NO ID, RETRYING
instrument id: None
FileNotFoundError caught. Attempting to modify URL and retry.
https://www.investing.com/rates-bonds/zambia-5-year-historical-data
TImeout, continuing to extract element
instrument id: 1199823
